<?xml version="1.0" encoding="UTF-8"?>
<!-- Generated by org.testng.reporters.JUnitReportReporter -->
<testsuite hostname="LAPTOP-OFVKRPE8" failures="0" tests="1" name="JavaCode.FindOddEvenNumber" time="0.013" errors="0" timestamp="2025-09-24T19:44:59 IST" skipped="0">
  <testcase classname="JavaCode.FindOddEvenNumber" name="findOddEven" time="0.013"/>
</testsuite> <!-- JavaCode.FindOddEvenNumber -->
